This is pdfTeX, Version 3.1415926-2.4-1.40.13 (TeX Live 2012) (format=pdflatex 2013.6.9)  2 JUL 2013 13:36
entering extended mode
 restricted \write18 enabled.
 file:line:error style messages enabled.
 %&-line parsing enabled.
**Fuel.pier
(./Fuel.pier.tex
LaTeX2e <2011/06/27>
Babel <v3.8m> and hyphenation patterns for english, dumylang, nohyphenation, ge
rman-x-2012-05-30, ngerman-x-2012-05-30, afrikaans, ancientgreek, ibycus, arabi
c, armenian, basque, bulgarian, catalan, pinyin, coptic, croatian, czech, danis
h, dutch, ukenglish, usenglishmax, esperanto, estonian, ethiopic, farsi, finnis
h, french, friulan, galician, german, ngerman, swissgerman, monogreek, greek, h
ungarian, icelandic, assamese, bengali, gujarati, hindi, kannada, malayalam, ma
rathi, oriya, panjabi, tamil, telugu, indonesian, interlingua, irish, italian, 
kurmanji, latin, latvian, lithuanian, mongolian, mongolianlmc, bokmal, nynorsk,
 piedmontese, polish, portuguese, romanian, romansh, russian, sanskrit, serbian
, serbianc, slovak, slovenian, spanish, swedish, turkish, turkmen, ukrainian, u
ppersorbian, welsh, loaded.
(/usr/local/texlive/2012/texmf-dist/tex/latex/base/book.cls
Document Class: book 2007/10/19 v1.4h Standard LaTeX document class
(/usr/local/texlive/2012/texmf-dist/tex/latex/base/bk10.clo
File: bk10.clo 2007/10/19 v1.4h Standard LaTeX file (size option)
)
\c@part=\count79
\c@chapter=\count80
\c@section=\count81
\c@subsection=\count82
\c@subsubsection=\count83
\c@paragraph=\count84
\c@subparagraph=\count85
\c@figure=\count86
\c@table=\count87
\abovecaptionskip=\skip41
\belowcaptionskip=\skip42
\bibindent=\dimen102
) (/usr/local/texlive/2012/texmf-dist/tex/latex/geometry/geometry.sty
Package: geometry 2010/09/12 v5.6 Page Geometry
(/usr/local/texlive/2012/texmf-dist/tex/latex/graphics/keyval.sty
Package: keyval 1999/03/16 v1.13 key=value parser (DPC)
\KV@toks@=\toks14
) (/usr/local/texlive/2012/texmf-dist/tex/generic/oberdiek/ifpdf.sty
Package: ifpdf 2011/01/30 v2.3 Provides the ifpdf switch (HO)
Package ifpdf Info: pdfTeX in PDF mode is detected.
) (/usr/local/texlive/2012/texmf-dist/tex/generic/oberdiek/ifvtex.sty
Package: ifvtex 2010/03/01 v1.5 Detect VTeX and its facilities (HO)
Package ifvtex Info: VTeX not detected.
) (/usr/local/texlive/2012/texmf-dist/tex/generic/ifxetex/ifxetex.sty
Package: ifxetex 2010/09/12 v0.6 Provides ifxetex conditional
)
\Gm@cnth=\count88
\Gm@cntv=\count89
\c@Gm@tempcnt=\count90
\Gm@bindingoffset=\dimen103
\Gm@wd@mp=\dimen104
\Gm@odd@mp=\dimen105
\Gm@even@mp=\dimen106
\Gm@layoutwidth=\dimen107
\Gm@layoutheight=\dimen108
\Gm@layouthoffset=\dimen109
\Gm@layoutvoffset=\dimen110
\Gm@dimlist=\toks15
) (../common.tex (/usr/local/texlive/2012/texmf-dist/tex/latex/base/fontenc.sty
Package: fontenc 2005/09/27 v1.99g Standard LaTeX package
(/usr/local/texlive/2012/texmf-dist/tex/latex/base/t1enc.def
File: t1enc.def 2005/09/27 v1.99g Standard LaTeX file
LaTeX Font Info:    Redeclaring font encoding T1 on input line 43.
)) (/usr/local/texlive/2012/texmf-dist/tex/latex/lm/lmodern.sty
Package: lmodern 2009/10/30 v1.6 Latin Modern Fonts
LaTeX Font Info:    Overwriting symbol font `operators' in version `normal'
(Font)                  OT1/cmr/m/n --> OT1/lmr/m/n on input line 22.
LaTeX Font Info:    Overwriting symbol font `letters' in version `normal'
(Font)                  OML/cmm/m/it --> OML/lmm/m/it on input line 23.
LaTeX Font Info:    Overwriting symbol font `symbols' in version `normal'
(Font)                  OMS/cmsy/m/n --> OMS/lmsy/m/n on input line 24.
LaTeX Font Info:    Overwriting symbol font `largesymbols' in version `normal'
(Font)                  OMX/cmex/m/n --> OMX/lmex/m/n on input line 25.
LaTeX Font Info:    Overwriting symbol font `operators' in version `bold'
(Font)                  OT1/cmr/bx/n --> OT1/lmr/bx/n on input line 26.
LaTeX Font Info:    Overwriting symbol font `letters' in version `bold'
(Font)                  OML/cmm/b/it --> OML/lmm/b/it on input line 27.
LaTeX Font Info:    Overwriting symbol font `symbols' in version `bold'
(Font)                  OMS/cmsy/b/n --> OMS/lmsy/b/n on input line 28.
LaTeX Font Info:    Overwriting symbol font `largesymbols' in version `bold'
(Font)                  OMX/cmex/m/n --> OMX/lmex/m/n on input line 29.
LaTeX Font Info:    Overwriting math alphabet `\mathbf' in version `normal'
(Font)                  OT1/cmr/bx/n --> OT1/lmr/bx/n on input line 31.
LaTeX Font Info:    Overwriting math alphabet `\mathsf' in version `normal'
(Font)                  OT1/cmss/m/n --> OT1/lmss/m/n on input line 32.
LaTeX Font Info:    Overwriting math alphabet `\mathit' in version `normal'
(Font)                  OT1/cmr/m/it --> OT1/lmr/m/it on input line 33.
LaTeX Font Info:    Overwriting math alphabet `\mathtt' in version `normal'
(Font)                  OT1/cmtt/m/n --> OT1/lmtt/m/n on input line 34.
LaTeX Font Info:    Overwriting math alphabet `\mathbf' in version `bold'
(Font)                  OT1/cmr/bx/n --> OT1/lmr/bx/n on input line 35.
LaTeX Font Info:    Overwriting math alphabet `\mathsf' in version `bold'
(Font)                  OT1/cmss/bx/n --> OT1/lmss/bx/n on input line 36.
LaTeX Font Info:    Overwriting math alphabet `\mathit' in version `bold'
(Font)                  OT1/cmr/bx/it --> OT1/lmr/bx/it on input line 37.
LaTeX Font Info:    Overwriting math alphabet `\mathtt' in version `bold'
(Font)                  OT1/cmtt/m/n --> OT1/lmtt/m/n on input line 38.
) (/usr/local/texlive/2012/texmf-dist/tex/latex/psnfss/palatino.sty
Package: palatino 2005/04/12 PSNFSS-v9.2a (SPQR) 
) (/usr/local/texlive/2012/texmf-dist/tex/latex/psnfss/helvet.sty
Package: helvet 2005/04/12 PSNFSS-v9.2a (WaS) 
) (/usr/local/texlive/2012/texmf-dist/tex/latex/microtype/microtype.sty
Package: microtype 2013/03/13 v2.5 Micro-typographical refinements (RS)
\MT@toks=\toks16
\MT@count=\count91
LaTeX Info: Redefining \textls on input line 771.
\MT@outer@kern=\dimen111
LaTeX Info: Redefining \textmicrotypecontext on input line 1290.
\MT@listname@count=\count92
(/usr/local/texlive/2012/texmf-dist/tex/latex/microtype/microtype-pdftex.def
File: microtype-pdftex.def 2013/03/13 v2.5 Definitions specific to pdftex (RS)
LaTeX Info: Redefining \lsstyle on input line 889.
LaTeX Info: Redefining \lslig on input line 889.
\MT@outer@space=\skip43
)
Package microtype Info: Loading configuration file microtype.cfg.
(/usr/local/texlive/2012/texmf-dist/tex/latex/microtype/microtype.cfg
File: microtype.cfg 2013/03/13 v2.5 microtype main configuration file (RS)
)) (/usr/local/texlive/2012/texmf-dist/tex/latex/graphics/graphicx.sty
Package: graphicx 1999/02/16 v1.0f Enhanced LaTeX Graphics (DPC,SPQR)
(/usr/local/texlive/2012/texmf-dist/tex/latex/graphics/graphics.sty
Package: graphics 2009/02/05 v1.0o Standard LaTeX Graphics (DPC,SPQR)
(/usr/local/texlive/2012/texmf-dist/tex/latex/graphics/trig.sty
Package: trig 1999/03/16 v1.09 sin cos tan (DPC)
) (/usr/local/texlive/2012/texmf-dist/tex/latex/latexconfig/graphics.cfg
File: graphics.cfg 2010/04/23 v1.9 graphics configuration of TeX Live
)
Package graphics Info: Driver file: pdftex.def on input line 91.
(/usr/local/texlive/2012/texmf-dist/tex/latex/pdftex-def/pdftex.def
File: pdftex.def 2011/05/27 v0.06d Graphics/color for pdfTeX
(/usr/local/texlive/2012/texmf-dist/tex/generic/oberdiek/infwarerr.sty
Package: infwarerr 2010/04/08 v1.3 Providing info/warning/error messages (HO)
) (/usr/local/texlive/2012/texmf-dist/tex/generic/oberdiek/ltxcmds.sty
Package: ltxcmds 2011/11/09 v1.22 LaTeX kernel commands for general use (HO)
)
\Gread@gobject=\count93
))
\Gin@req@height=\dimen112
\Gin@req@width=\dimen113
) (/usr/local/texlive/2012/texmf-dist/tex/latex/tools/theorem.sty
Package: theorem 1995/11/23 v2.2c Theorem extension package (FMi)
\theorem@style=\toks17
\theorem@bodyfont=\toks18
\theorempreskipamount=\skip44
\theorempostskipamount=\skip45
(/usr/local/texlive/2012/texmf-dist/tex/latex/tools/thp.sty
File: thp.sty 1995/11/23 v2.2c Theorem extension package (FMi)
)) (/usr/local/texlive/2012/texmf-dist/tex/generic/babel/babel.sty
Package: babel 2008/07/08 v3.8m The Babel package
(/usr/local/texlive/2012/texmf-dist/tex/generic/babel/english.ldf
Language: english 2005/03/30 v3.3o English support from the babel system
(/usr/local/texlive/2012/texmf-dist/tex/generic/babel/babel.def
File: babel.def 2008/07/08 v3.8m Babel common definitions
\babel@savecnt=\count94
\U@D=\dimen114
)
\l@canadian = a dialect from \language\l@american 
\l@australian = a dialect from \language\l@british 
\l@newzealand = a dialect from \language\l@british 
)) (/usr/local/texlive/2012/texmf-dist/tex/latex/base/ifthen.sty
Package: ifthen 2001/05/26 v1.1c Standard LaTeX ifthen package (DPC)
) (/usr/local/texlive/2012/texmf-dist/tex/latex/float/float.sty
Package: float 2001/11/08 v1.3d Float enhancements (AL)
\c@float@type=\count95
\float@exts=\toks19
\float@box=\box26
\@float@everytoks=\toks20
\@floatcapt=\box27
) (/usr/local/texlive/2012/texmf-dist/tex/latex/tools/longtable.sty
Package: longtable 2004/02/01 v4.11 Multi-page Table package (DPC)
\LTleft=\skip46
\LTright=\skip47
\LTpre=\skip48
\LTpost=\skip49
\LTchunksize=\count96
\LTcapwidth=\dimen115
\LT@head=\box28
\LT@firsthead=\box29
\LT@foot=\box30
\LT@lastfoot=\box31
\LT@cols=\count97
\LT@rows=\count98
\c@LT@tables=\count99
\c@LT@chunks=\count100
\LT@p@ftn=\toks21
) (/usr/local/texlive/2012/texmf-dist/tex/latex/base/makeidx.sty
Package: makeidx 2000/03/29 v1.0m Standard LaTeX package
) (/usr/local/texlive/2012/texmf-dist/tex/latex/tocbibind/tocbibind.sty
Package: tocbibind 2010/10/13 v1.5k extra ToC listings
Package tocbibind Info: The document has chapter divisions on input line 50.

Package tocbibind Note: Using chapter style headings, unless overridden.

) (/usr/local/texlive/2012/texmf-dist/tex/latex/tools/multicol.sty
Package: multicol 2011/06/27 v1.7a multicolumn formatting (FMi)
\c@tracingmulticols=\count101
\mult@box=\box32
\multicol@leftmargin=\dimen116
\c@unbalance=\count102
\c@collectmore=\count103
\doublecol@number=\count104
\multicoltolerance=\count105
\multicolpretolerance=\count106
\full@width=\dimen117
\page@free=\dimen118
\premulticols=\dimen119
\postmulticols=\dimen120
\multicolsep=\skip50
\multicolbaselineskip=\skip51
\partial@page=\box33
\last@line=\box34
\mult@rightbox=\box35
\mult@grightbox=\box36
\mult@gfirstbox=\box37
\mult@firstbox=\box38
\@tempa=\box39
\@tempa=\box40
\@tempa=\box41
\@tempa=\box42
\@tempa=\box43
\@tempa=\box44
\@tempa=\box45
\@tempa=\box46
\@tempa=\box47
\@tempa=\box48
\@tempa=\box49
\@tempa=\box50
\@tempa=\box51
\@tempa=\box52
\@tempa=\box53
\@tempa=\box54
\@tempa=\box55
\c@columnbadness=\count107
\c@finalcolumnbadness=\count108
\last@try=\dimen121
\multicolovershoot=\dimen122
\multicolundershoot=\dimen123
\mult@nat@firstbox=\box56
\colbreak@box=\box57
\multicol@sort@counter=\count109
) (/usr/local/texlive/2012/texmf-dist/tex/latex/booktabs/booktabs.sty
Package: booktabs 2005/04/14 v1.61803 publication quality tables
\heavyrulewidth=\dimen124
\lightrulewidth=\dimen125
\cmidrulewidth=\dimen126
\belowrulesep=\dimen127
\belowbottomsep=\dimen128
\aboverulesep=\dimen129
\abovetopsep=\dimen130
\cmidrulesep=\dimen131
\cmidrulekern=\dimen132
\defaultaddspace=\dimen133
\@cmidla=\count110
\@cmidlb=\count111
\@aboverulesep=\dimen134
\@belowrulesep=\dimen135
\@thisruleclass=\count112
\@lastruleclass=\count113
\@thisrulewidth=\dimen136
) (/usr/local/texlive/2012/texmf-dist/tex/latex/ltxmisc/topcapt.sty
Package: topcapt 2004/12/11 v1.2 Caption at top of float
) (/usr/local/texlive/2012/texmf-dist/tex/latex/multirow/multirow.sty
\bigstrutjot=\dimen137
) (/usr/local/texlive/2012/texmf-dist/tex/latex/tools/tabularx.sty
Package: tabularx 1999/01/07 v2.07 `tabularx' package (DPC)
(/usr/local/texlive/2012/texmf-dist/tex/latex/tools/array.sty
Package: array 2008/09/09 v2.4c Tabular extension package (FMi)
\col@sep=\dimen138
\extrarowheight=\dimen139
\NC@list=\toks22
\extratabsurround=\skip52
\backup@length=\skip53
)
\TX@col@width=\dimen140
\TX@old@table=\dimen141
\TX@old@col=\dimen142
\TX@target=\dimen143
\TX@delta=\dimen144
\TX@cols=\count114
\TX@ftn=\toks23
) (/usr/local/texlive/2012/texmf-dist/tex/latex/tools/xspace.sty
Package: xspace 2009/10/20 v1.13 Space after command names (DPC,MH)
) (/usr/local/texlive/2012/texmf-dist/tex/latex/base/alltt.sty
Package: alltt 1997/06/16 v2.0g defines alltt environment
) (/usr/local/texlive/2012/texmf-dist/tex/latex/amsfonts/amssymb.sty
Package: amssymb 2013/01/14 v3.01 AMS font symbols
(/usr/local/texlive/2012/texmf-dist/tex/latex/amsfonts/amsfonts.sty
Package: amsfonts 2013/01/14 v3.01 Basic AMSFonts support
\@emptytoks=\toks24
\symAMSa=\mathgroup4
\symAMSb=\mathgroup5
LaTeX Font Info:    Overwriting math alphabet `\mathfrak' in version `bold'
(Font)                  U/euf/m/n --> U/euf/b/n on input line 106.
)) (/usr/local/texlive/2012/texmf-dist/tex/latex/base/textcomp.sty
Package: textcomp 2005/09/27 v1.99g Standard LaTeX package
Package textcomp Info: Sub-encoding information:
(textcomp)               5 = only ISO-Adobe without \textcurrency
(textcomp)               4 = 5 + \texteuro
(textcomp)               3 = 4 + \textohm
(textcomp)               2 = 3 + \textestimated + \textcurrency
(textcomp)               1 = TS1 - \textcircled - \t
(textcomp)               0 = TS1 (full)
(textcomp)             Font families with sub-encoding setting implement
(textcomp)             only a restricted character set as indicated.
(textcomp)             Family '?' is the default used for unknown fonts.
(textcomp)             See the documentation for details.
Package textcomp Info: Setting ? sub-encoding to TS1/1 on input line 71.
(/usr/local/texlive/2012/texmf-dist/tex/latex/base/ts1enc.def
File: ts1enc.def 2001/06/05 v3.0e (jk/car/fm) Standard LaTeX file
)
LaTeX Info: Redefining \oldstylenums on input line 266.
Package textcomp Info: Setting cmr sub-encoding to TS1/0 on input line 281.
Package textcomp Info: Setting cmss sub-encoding to TS1/0 on input line 282.
Package textcomp Info: Setting cmtt sub-encoding to TS1/0 on input line 283.
Package textcomp Info: Setting cmvtt sub-encoding to TS1/0 on input line 284.
Package textcomp Info: Setting cmbr sub-encoding to TS1/0 on input line 285.
Package textcomp Info: Setting cmtl sub-encoding to TS1/0 on input line 286.
Package textcomp Info: Setting ccr sub-encoding to TS1/0 on input line 287.
Package textcomp Info: Setting ptm sub-encoding to TS1/4 on input line 288.
Package textcomp Info: Setting pcr sub-encoding to TS1/4 on input line 289.
Package textcomp Info: Setting phv sub-encoding to TS1/4 on input line 290.
Package textcomp Info: Setting ppl sub-encoding to TS1/3 on input line 291.
Package textcomp Info: Setting pag sub-encoding to TS1/4 on input line 292.
Package textcomp Info: Setting pbk sub-encoding to TS1/4 on input line 293.
Package textcomp Info: Setting pnc sub-encoding to TS1/4 on input line 294.
Package textcomp Info: Setting pzc sub-encoding to TS1/4 on input line 295.
Package textcomp Info: Setting bch sub-encoding to TS1/4 on input line 296.
Package textcomp Info: Setting put sub-encoding to TS1/5 on input line 297.
Package textcomp Info: Setting uag sub-encoding to TS1/5 on input line 298.
Package textcomp Info: Setting ugq sub-encoding to TS1/5 on input line 299.
Package textcomp Info: Setting ul8 sub-encoding to TS1/4 on input line 300.
Package textcomp Info: Setting ul9 sub-encoding to TS1/4 on input line 301.
Package textcomp Info: Setting augie sub-encoding to TS1/5 on input line 302.
Package textcomp Info: Setting dayrom sub-encoding to TS1/3 on input line 303.
Package textcomp Info: Setting dayroms sub-encoding to TS1/3 on input line 304.

Package textcomp Info: Setting pxr sub-encoding to TS1/0 on input line 305.
Package textcomp Info: Setting pxss sub-encoding to TS1/0 on input line 306.
Package textcomp Info: Setting pxtt sub-encoding to TS1/0 on input line 307.
Package textcomp Info: Setting txr sub-encoding to TS1/0 on input line 308.
Package textcomp Info: Setting txss sub-encoding to TS1/0 on input line 309.
Package textcomp Info: Setting txtt sub-encoding to TS1/0 on input line 310.
Package textcomp Info: Setting lmr sub-encoding to TS1/0 on input line 311.
Package textcomp Info: Setting lmdh sub-encoding to TS1/0 on input line 312.
Package textcomp Info: Setting lmss sub-encoding to TS1/0 on input line 313.
Package textcomp Info: Setting lmssq sub-encoding to TS1/0 on input line 314.
Package textcomp Info: Setting lmvtt sub-encoding to TS1/0 on input line 315.
Package textcomp Info: Setting qhv sub-encoding to TS1/0 on input line 316.
Package textcomp Info: Setting qag sub-encoding to TS1/0 on input line 317.
Package textcomp Info: Setting qbk sub-encoding to TS1/0 on input line 318.
Package textcomp Info: Setting qcr sub-encoding to TS1/0 on input line 319.
Package textcomp Info: Setting qcs sub-encoding to TS1/0 on input line 320.
Package textcomp Info: Setting qpl sub-encoding to TS1/0 on input line 321.
Package textcomp Info: Setting qtm sub-encoding to TS1/0 on input line 322.
Package textcomp Info: Setting qzc sub-encoding to TS1/0 on input line 323.
Package textcomp Info: Setting qhvc sub-encoding to TS1/0 on input line 324.
Package textcomp Info: Setting futs sub-encoding to TS1/4 on input line 325.
Package textcomp Info: Setting futx sub-encoding to TS1/4 on input line 326.
Package textcomp Info: Setting futj sub-encoding to TS1/4 on input line 327.
Package textcomp Info: Setting hlh sub-encoding to TS1/3 on input line 328.
Package textcomp Info: Setting hls sub-encoding to TS1/3 on input line 329.
Package textcomp Info: Setting hlst sub-encoding to TS1/3 on input line 330.
Package textcomp Info: Setting hlct sub-encoding to TS1/5 on input line 331.
Package textcomp Info: Setting hlx sub-encoding to TS1/5 on input line 332.
Package textcomp Info: Setting hlce sub-encoding to TS1/5 on input line 333.
Package textcomp Info: Setting hlcn sub-encoding to TS1/5 on input line 334.
Package textcomp Info: Setting hlcw sub-encoding to TS1/5 on input line 335.
Package textcomp Info: Setting hlcf sub-encoding to TS1/5 on input line 336.
Package textcomp Info: Setting pplx sub-encoding to TS1/3 on input line 337.
Package textcomp Info: Setting pplj sub-encoding to TS1/3 on input line 338.
Package textcomp Info: Setting ptmx sub-encoding to TS1/4 on input line 339.
Package textcomp Info: Setting ptmj sub-encoding to TS1/4 on input line 340.
) (/usr/local/texlive/2012/texmf-dist/tex/latex/graphics/color.sty
Package: color 2005/11/14 v1.0j Standard LaTeX Color (DPC)
(/usr/local/texlive/2012/texmf-dist/tex/latex/latexconfig/color.cfg
File: color.cfg 2007/01/18 v1.5 color configuration of teTeX/TeXLive
)
Package color Info: Driver file: pdftex.def on input line 130.
(/usr/local/texlive/2012/texmf-dist/tex/latex/graphics/dvipsnam.def
File: dvipsnam.def 1999/02/16 v3.0i Driver-dependant file (DPC,SPQR)
)) (/usr/local/texlive/2012/texmf-dist/tex/latex/subfigure/subfigure.sty
Package: subfigure 2002/03/15 v2.1.5 subfigure package
\subfigtopskip=\skip54
\subfigcapskip=\skip55
\subfigcaptopadj=\dimen145
\subfigbottomskip=\skip56
\subfigcapmargin=\dimen146
\subfiglabelskip=\skip57
\c@subfigure=\count115
\c@lofdepth=\count116
\c@subtable=\count117
\c@lotdepth=\count118
****************************************
* Local config file subfigure.cfg used *
****************************************
(/usr/local/texlive/2012/texmf-dist/tex/latex/subfigure/subfigure.cfg)
\subfig@top=\skip58
\subfig@bottom=\skip59
) (/usr/local/texlive/2012/texmf-dist/tex/latex/rotating/rotating.sty
Package: rotating 2009/03/28 v2.16a rotated objects in LaTeX
\c@r@tfl@t=\count119
\rotFPtop=\skip60
\rotFPbot=\skip61
\rot@float@box=\box58
\rot@mess@toks=\toks25
) (/usr/local/texlive/2012/texmf-dist/tex/latex/enumitem/enumitem.sty
Package: enumitem 2011/09/28 v3.5.2 Customized lists
\labelindent=\skip62
\enit@outerparindent=\dimen147
\enit@toks=\toks26
\enit@inbox=\box59
\enitdp@description=\count120
) (/usr/local/texlive/2012/texmf-dist/tex/latex/tools/verbatim.sty
Package: verbatim 2003/08/22 v1.5q LaTeX2e package for verbatim enhancements
\every@verbatim=\toks27
\verbatim@line=\toks28
\verbatim@in@stream=\read1
) (/usr/local/texlive/2012/texmf-dist/tex/latex/tools/varioref.sty
Package: varioref 2011/10/02 v1.4z package for extended references (FMi)
\c@vrcnt=\count121
) (/usr/local/texlive/2012/texmf-dist/tex/latex/needspace/needspace.sty
Package: needspace 2010/09/12 v1.3d reserve vertical space
) (/usr/local/texlive/2012/texmf-dist/tex/latex/isodate/isodateo.sty
Package: isodateo 2004/02/12
(/usr/local/texlive/2012/texmf-dist/tex/latex/tools/calc.sty
Package: calc 2007/08/22 v4.3 Infix arithmetic (KKT,FJ)
\calc@Acount=\count122
\calc@Bcount=\count123
\calc@Adimen=\dimen148
\calc@Bdimen=\dimen149
\calc@Askip=\skip63
\calc@Bskip=\skip64
LaTeX Info: Redefining \setlength on input line 76.
LaTeX Info: Redefining \addtolength on input line 77.
\calc@Ccount=\count124
\calc@Cskip=\skip65
) (/usr/local/texlive/2012/texmf-dist/tex/latex/substr/substr.sty
Package: substr 2009/10/20 v1.2 Handle substrings
\c@su@anzahl=\count125
)
\c@yeartwo=\count126
\c@iso@slash=\count127
\c@iso@minus=\count128
\c@iso@dot=\count129
) (/usr/local/texlive/2012/texmf-dist/tex/latex/titlesec/titlesec.sty
Package: titlesec 2011/12/15 v2.10.0 Sectioning titles
\ttl@box=\box60
\beforetitleunit=\skip66
\aftertitleunit=\skip67
\ttl@plus=\dimen150
\ttl@minus=\dimen151
\ttl@toksa=\toks29
\titlewidth=\dimen152
\titlewidthlast=\dimen153
\titlewidthfirst=\dimen154
(/usr/local/texlive/2012/texmf-dist/tex/latex/titlesec/ttlps.def
File: ttlps.def 2011/12/15
)) (/usr/local/texlive/2012/texmf-dist/tex/latex/titlesec/titletoc.sty
Package: titletoc 2011/12/15 v1.6 TOC entries
\ttl@leftsep=\dimen155
) (/usr/local/texlive/2012/texmf-dist/tex/latex/wrapfig/wrapfig.sty
\wrapoverhang=\dimen156
\WF@size=\dimen157
\c@WF@wrappedlines=\count130
\WF@box=\box61
\WF@everypar=\toks30
Package: wrapfig 2003/01/31  v 3.6
) (/usr/local/texlive/2012/texmf-dist/tex/latex/jurabib/jurabib.sty
Package: jurabib 2004/01/25 v0.6 Extended citations
(/usr/local/texlive/2012/texmf-dist/tex/latex/url/url.sty
\Urlmuskip=\muskip10
Package: url 2006/04/12  ver 3.3  Verb mode for urls, etc.
)
\c@ibidem@author=\count131
\c@multiple@author=\count132
LaTeX Info: Redefining \jbarchnameformat on input line 945.
\jb@subarchitemwidth=\skip68
\jb@subarchentrywidth=\skip69
LaTeX Info: Redefining \jbapifont on input line 1216.
\jb@urlfile=\write3
(./Fuel.pier.url)
\jb@tempfile=\read2
\openout3 = `Fuel.pier.url'.

\c@jbbibcnt=\count133
\c@jbbibcnta=\count134
\c@idemcnt=\count135
\c@bibnamereplace=\count136
\c@citefull=\count137
\c@opcit=\count138
\c@jb@cites@in@footnote=\count139
\jbbibhang=\skip70
\bibnumberwidth=\skip71
\jb@biblaw@entry@width=\skip72
\jb@biblaw@item@width=\skip73
LaTeX Font Info:    Try loading font information for OT1+lmr on input line 3438
.
(/usr/local/texlive/2012/texmf-dist/tex/latex/lm/ot1lmr.fd
File: ot1lmr.fd 2009/10/30 v1.6 Font defs for Latin Modern
)
LaTeX Font Info:    Try loading font information for OML+lmm on input line 3438
.
(/usr/local/texlive/2012/texmf-dist/tex/latex/lm/omllmm.fd
File: omllmm.fd 2009/10/30 v1.6 Font defs for Latin Modern
)
LaTeX Font Info:    Try loading font information for OMS+lmsy on input line 343
8.
(/usr/local/texlive/2012/texmf-dist/tex/latex/lm/omslmsy.fd
File: omslmsy.fd 2009/10/30 v1.6 Font defs for Latin Modern
)
LaTeX Font Info:    Try loading font information for OMX+lmex on input line 343
8.
(/usr/local/texlive/2012/texmf-dist/tex/latex/lm/omxlmex.fd
File: omxlmex.fd 2009/10/30 v1.6 Font defs for Latin Modern
)
LaTeX Font Info:    External font `lmex10' loaded for size
(Font)              <10> on input line 3438.
LaTeX Font Info:    External font `lmex10' loaded for size
(Font)              <7> on input line 3438.
LaTeX Font Info:    External font `lmex10' loaded for size
(Font)              <5> on input line 3438.
LaTeX Font Info:    Try loading font information for U+msa on input line 3438.
(/usr/local/texlive/2012/texmf-dist/tex/latex/amsfonts/umsa.fd
File: umsa.fd 2013/01/14 v3.01 AMS symbols A
)
LaTeX Font Info:    Try loading font information for U+msb on input line 3438.
(/usr/local/texlive/2012/texmf-dist/tex/latex/amsfonts/umsb.fd
File: umsb.fd 2013/01/14 v3.01 AMS symbols B
)
LaTeX Info: Redefining \cite on input line 3744.
\jb@length@i=\skip74
\jb@length@ii=\skip75
\jb@length@iii=\skip76
\jb@temptoks=\toks31
\jbedwidth=\skip77
\jb@ta=\toks32
\jb@tb=\toks33
LaTeX Info: Redefining \jbtitlefont on input line 5980.
Package jurabib Info: *** Local config file `jurabib.cfg' used ***

(/usr/local/texlive/2012/texmf-dist/tex/latex/jurabib/jurabib.cfg
File: jurabib.cfg jurabib local configuration file
)
LaTeX Info: Redefining \jbtitlefont on input line 5986.
) (/usr/local/texlive/2012/texmf-dist/tex/latex/hyperref/hyperref.sty
Package: hyperref 2012/11/06 v6.83m Hypertext links for LaTeX
(/usr/local/texlive/2012/texmf-dist/tex/generic/oberdiek/hobsub-hyperref.sty
Package: hobsub-hyperref 2012/05/28 v1.13 Bundle oberdiek, subset hyperref (HO)

(/usr/local/texlive/2012/texmf-dist/tex/generic/oberdiek/hobsub-generic.sty
Package: hobsub-generic 2012/05/28 v1.13 Bundle oberdiek, subset generic (HO)
Package: hobsub 2012/05/28 v1.13 Construct package bundles (HO)
Package hobsub Info: Skipping package `infwarerr' (already loaded).
Package hobsub Info: Skipping package `ltxcmds' (already loaded).
Package: ifluatex 2010/03/01 v1.3 Provides the ifluatex switch (HO)
Package ifluatex Info: LuaTeX not detected.
Package hobsub Info: Skipping package `ifvtex' (already loaded).
Package: intcalc 2007/09/27 v1.1 Expandable calculations with integers (HO)
Package hobsub Info: Skipping package `ifpdf' (already loaded).
Package: etexcmds 2011/02/16 v1.5 Avoid name clashes with e-TeX commands (HO)
Package etexcmds Info: Could not find \expanded.
(etexcmds)             That can mean that you are not using pdfTeX 1.50 or
(etexcmds)             that some package has redefined \expanded.
(etexcmds)             In the latter case, load this package earlier.
Package: kvsetkeys 2012/04/25 v1.16 Key value parser (HO)
Package: kvdefinekeys 2011/04/07 v1.3 Define keys (HO)
Package: pdftexcmds 2011/11/29 v0.20 Utility functions of pdfTeX for LuaTeX (HO
)
Package pdftexcmds Info: LuaTeX not detected.
Package pdftexcmds Info: \pdf@primitive is available.
Package pdftexcmds Info: \pdf@ifprimitive is available.
Package pdftexcmds Info: \pdfdraftmode found.
Package: pdfescape 2011/11/25 v1.13 Implements pdfTeX's escape features (HO)
Package: bigintcalc 2012/04/08 v1.3 Expandable calculations on big integers (HO
)
Package: bitset 2011/01/30 v1.1 Handle bit-vector datatype (HO)
Package: uniquecounter 2011/01/30 v1.2 Provide unlimited unique counter (HO)
)
Package hobsub Info: Skipping package `hobsub' (already loaded).
Package: letltxmacro 2010/09/02 v1.4 Let assignment for LaTeX macros (HO)
Package: hopatch 2012/05/28 v1.2 Wrapper for package hooks (HO)
Package: xcolor-patch 2011/01/30 xcolor patch
Package: atveryend 2011/06/30 v1.8 Hooks at the very end of document (HO)
Package atveryend Info: \enddocument detected (standard20110627).
Package: atbegshi 2011/10/05 v1.16 At begin shipout hook (HO)
Package: refcount 2011/10/16 v3.4 Data extraction from label references (HO)
Package: hycolor 2011/01/30 v1.7 Color options for hyperref/bookmark (HO)
) (/usr/local/texlive/2012/texmf-dist/tex/latex/oberdiek/auxhook.sty
Package: auxhook 2011/03/04 v1.3 Hooks for auxiliary files (HO)
) (/usr/local/texlive/2012/texmf-dist/tex/latex/oberdiek/kvoptions.sty
Package: kvoptions 2011/06/30 v3.11 Key value format for package options (HO)
)
\@linkdim=\dimen158
\Hy@linkcounter=\count140
\Hy@pagecounter=\count141
(/usr/local/texlive/2012/texmf-dist/tex/latex/hyperref/pd1enc.def
File: pd1enc.def 2012/11/06 v6.83m Hyperref: PDFDocEncoding definition (HO)
)
\Hy@SavedSpaceFactor=\count142
(/usr/local/texlive/2012/texmf-dist/tex/latex/latexconfig/hyperref.cfg
File: hyperref.cfg 2002/06/06 v1.2 hyperref configuration of TeXLive
)
Package hyperref Info: Option `colorlinks' set `true' on input line 4319.
Package hyperref Info: Hyper figures OFF on input line 4443.
Package hyperref Info: Link nesting OFF on input line 4448.
Package hyperref Info: Hyper index ON on input line 4451.
Package hyperref Info: Plain pages OFF on input line 4458.
Package hyperref Info: Backreferencing OFF on input line 4463.
Package hyperref Info: Implicit mode ON; LaTeX internals redefined.
Package hyperref Info: Bookmarks ON on input line 4688.
\c@Hy@tempcnt=\count143
LaTeX Info: Redefining \url on input line 5041.
\XeTeXLinkMargin=\dimen159
\Fld@menulength=\count144
\Field@Width=\dimen160
\Fld@charsize=\dimen161
Package hyperref Info: Hyper figures OFF on input line 6295.
Package hyperref Info: Link nesting OFF on input line 6300.
Package hyperref Info: Hyper index ON on input line 6303.
Package hyperref Info: backreferencing OFF on input line 6310.
Package hyperref Info: Link coloring ON on input line 6313.
Package hyperref Info: Link coloring with OCG OFF on input line 6320.
Package hyperref Info: PDF/A mode OFF on input line 6325.
LaTeX Info: Redefining \ref on input line 6365.
LaTeX Info: Redefining \pageref on input line 6369.
\Hy@abspage=\count145
\c@Item=\count146
\c@Hfootnote=\count147
)

Package hyperref Message: Driver (autodetected): hpdftex.

(/usr/local/texlive/2012/texmf-dist/tex/latex/hyperref/hpdftex.def
File: hpdftex.def 2012/11/06 v6.83m Hyperref driver for pdfTeX
\Fld@listcount=\count148
\c@bookmark@seq@number=\count149
(/usr/local/texlive/2012/texmf-dist/tex/latex/oberdiek/rerunfilecheck.sty
Package: rerunfilecheck 2011/04/15 v1.7 Rerun checks for auxiliary files (HO)
Package uniquecounter Info: New unique counter `rerunfilecheck' on input line 2
82.
)
\Hy@SectionHShift=\skip78
) (/usr/local/texlive/2012/texmf-dist/tex/generic/ulem/ulem.sty
\UL@box=\box62
\UL@hyphenbox=\box63
\UL@skip=\skip79
\UL@hook=\toks34
\UL@height=\dimen162
\UL@pe=\count150
\UL@pixel=\dimen163
\ULC@box=\box64
Package: ulem 2012/05/18
\ULdepth=\dimen164
) (/usr/local/texlive/2012/texmf-dist/tex/latex/xcolor/xcolor.sty
Package: xcolor 2007/01/21 v2.11 LaTeX color extensions (UK)
(/usr/local/texlive/2012/texmf-dist/tex/latex/latexconfig/color.cfg
File: color.cfg 2007/01/18 v1.5 color configuration of teTeX/TeXLive
)
Package xcolor Info: Driver file: pdftex.def on input line 225.
LaTeX Info: Redefining \color on input line 702.
Package xcolor Info: Model `cmy' substituted by `cmy0' on input line 1337.
Package xcolor Info: Model `hsb' substituted by `rgb' on input line 1341.
Package xcolor Info: Model `RGB' extended on input line 1353.
Package xcolor Info: Model `HTML' substituted by `rgb' on input line 1355.
Package xcolor Info: Model `Hsb' substituted by `hsb' on input line 1356.
Package xcolor Info: Model `tHsb' substituted by `hsb' on input line 1357.
Package xcolor Info: Model `HSB' substituted by `hsb' on input line 1358.
Package xcolor Info: Model `Gray' substituted by `gray' on input line 1359.
Package xcolor Info: Model `wave' substituted by `hsb' on input line 1360.
)
\SavedText=\box65
\InnerBoxRule=\skip80
\OuterBoxRule=\skip81
\BoxSeparation=\skip82
\SaveBoxSep=\skip83
\c@faq=\count151
(/usr/local/texlive/2012/texmf-dist/tex/latex/listings/listings.sty
\lst@mode=\count152
\lst@gtempboxa=\box66
\lst@token=\toks35
\lst@length=\count153
\lst@currlwidth=\dimen165
\lst@column=\count154
\lst@pos=\count155
\lst@lostspace=\dimen166
\lst@width=\dimen167
\lst@newlines=\count156
\lst@lineno=\count157
\lst@maxwidth=\dimen168
(/usr/local/texlive/2012/texmf-dist/tex/latex/listings/lstmisc.sty
File: lstmisc.sty 2007/02/22 1.4 (Carsten Heinz)
\c@lstnumber=\count158
\lst@skipnumbers=\count159
\lst@framebox=\box67
) (/usr/local/texlive/2012/texmf-dist/tex/latex/listings/listings.cfg
File: listings.cfg 2007/02/22 1.4 listings configuration
))
Package: listings 2007/02/22 1.4 (Carsten Heinz)
\scriptindent=\skip84
\methodindent=\skip85
\methodwordlength=\skip86
\aftermethod=\skip87
(/usr/local/texlive/2012/texmf-dist/tex/latex/pgf/frontendlayer/tikz.sty (/usr/
local/texlive/2012/texmf-dist/tex/latex/pgf/basiclayer/pgf.sty (/usr/local/texl
ive/2012/texmf-dist/tex/latex/pgf/utilities/pgfrcs.sty
(/usr/local/texlive/2012/texmf-dist/tex/generic/pgf/utilities/pgfutil-common.te
x
\pgfutil@everybye=\toks36
)
(/usr/local/texlive/2012/texmf-dist/tex/generic/pgf/utilities/pgfutil-latex.def
\pgfutil@abb=\box68
(/usr/local/texlive/2012/texmf-dist/tex/latex/ms/everyshi.sty
Package: everyshi 2001/05/15 v3.00 EveryShipout Package (MS)
)) (/usr/local/texlive/2012/texmf-dist/tex/generic/pgf/utilities/pgfrcs.code.te
x
Package: pgfrcs 2010/10/25 v2.10 (rcs-revision 1.24)
))
Package: pgf 2008/01/15 v2.10 (rcs-revision 1.12)
(/usr/local/texlive/2012/texmf-dist/tex/latex/pgf/basiclayer/pgfcore.sty (/usr/
local/texlive/2012/texmf-dist/tex/latex/pgf/systemlayer/pgfsys.sty
(/usr/local/texlive/2012/texmf-dist/tex/generic/pgf/systemlayer/pgfsys.code.tex
Package: pgfsys 2010/06/30 v2.10 (rcs-revision 1.37)
(/usr/local/texlive/2012/texmf-dist/tex/generic/pgf/utilities/pgfkeys.code.tex
\pgfkeys@pathtoks=\toks37
\pgfkeys@temptoks=\toks38

(/usr/local/texlive/2012/texmf-dist/tex/generic/pgf/utilities/pgfkeysfiltered.c
ode.tex
\pgfkeys@tmptoks=\toks39
))
\pgf@x=\dimen169
\pgf@y=\dimen170
\pgf@xa=\dimen171
\pgf@ya=\dimen172
\pgf@xb=\dimen173
\pgf@yb=\dimen174
\pgf@xc=\dimen175
\pgf@yc=\dimen176
\w@pgf@writea=\write4
\r@pgf@reada=\read3
\c@pgf@counta=\count160
\c@pgf@countb=\count161
\c@pgf@countc=\count162
\c@pgf@countd=\count163
(/usr/local/texlive/2012/texmf-dist/tex/generic/pgf/systemlayer/pgf.cfg
File: pgf.cfg 2008/05/14  (rcs-revision 1.7)
)
Package pgfsys Info: Driver file for pgf: pgfsys-pdftex.def on input line 900.

(/usr/local/texlive/2012/texmf-dist/tex/generic/pgf/systemlayer/pgfsys-pdftex.d
ef
File: pgfsys-pdftex.def 2009/05/22  (rcs-revision 1.26)

(/usr/local/texlive/2012/texmf-dist/tex/generic/pgf/systemlayer/pgfsys-common-p
df.def
File: pgfsys-common-pdf.def 2008/05/19  (rcs-revision 1.10)
)))
(/usr/local/texlive/2012/texmf-dist/tex/generic/pgf/systemlayer/pgfsyssoftpath.
code.tex
File: pgfsyssoftpath.code.tex 2008/07/18  (rcs-revision 1.7)
\pgfsyssoftpath@smallbuffer@items=\count164
\pgfsyssoftpath@bigbuffer@items=\count165
)
(/usr/local/texlive/2012/texmf-dist/tex/generic/pgf/systemlayer/pgfsysprotocol.
code.tex
File: pgfsysprotocol.code.tex 2006/10/16  (rcs-revision 1.4)
))
(/usr/local/texlive/2012/texmf-dist/tex/generic/pgf/basiclayer/pgfcore.code.tex
Package: pgfcore 2010/04/11 v2.10 (rcs-revision 1.7)
(/usr/local/texlive/2012/texmf-dist/tex/generic/pgf/math/pgfmath.code.tex (/usr
/local/texlive/2012/texmf-dist/tex/generic/pgf/math/pgfmathcalc.code.tex (/usr/
local/texlive/2012/texmf-dist/tex/generic/pgf/math/pgfmathutil.code.tex)
(/usr/local/texlive/2012/texmf-dist/tex/generic/pgf/math/pgfmathparser.code.tex
\pgfmath@dimen=\dimen177
\pgfmath@count=\count166
\pgfmath@box=\box69
\pgfmath@toks=\toks40
\pgfmath@stack@operand=\toks41
\pgfmath@stack@operation=\toks42
)
(/usr/local/texlive/2012/texmf-dist/tex/generic/pgf/math/pgfmathfunctions.code.
tex
(/usr/local/texlive/2012/texmf-dist/tex/generic/pgf/math/pgfmathfunctions.basic
.code.tex)
(/usr/local/texlive/2012/texmf-dist/tex/generic/pgf/math/pgfmathfunctions.trigo
nometric.code.tex)
(/usr/local/texlive/2012/texmf-dist/tex/generic/pgf/math/pgfmathfunctions.rando
m.code.tex)
(/usr/local/texlive/2012/texmf-dist/tex/generic/pgf/math/pgfmathfunctions.compa
rison.code.tex)
(/usr/local/texlive/2012/texmf-dist/tex/generic/pgf/math/pgfmathfunctions.base.
code.tex)
(/usr/local/texlive/2012/texmf-dist/tex/generic/pgf/math/pgfmathfunctions.round
.code.tex)
(/usr/local/texlive/2012/texmf-dist/tex/generic/pgf/math/pgfmathfunctions.misc.
code.tex))) (/usr/local/texlive/2012/texmf-dist/tex/generic/pgf/math/pgfmathflo
at.code.tex
\c@pgfmathroundto@lastzeros=\count167
))
(/usr/local/texlive/2012/texmf-dist/tex/generic/pgf/basiclayer/pgfcorepoints.co
de.tex
File: pgfcorepoints.code.tex 2010/04/09  (rcs-revision 1.20)
\pgf@picminx=\dimen178
\pgf@picmaxx=\dimen179
\pgf@picminy=\dimen180
\pgf@picmaxy=\dimen181
\pgf@pathminx=\dimen182
\pgf@pathmaxx=\dimen183
\pgf@pathminy=\dimen184
\pgf@pathmaxy=\dimen185
\pgf@xx=\dimen186
\pgf@xy=\dimen187
\pgf@yx=\dimen188
\pgf@yy=\dimen189
\pgf@zx=\dimen190
\pgf@zy=\dimen191
)
(/usr/local/texlive/2012/texmf-dist/tex/generic/pgf/basiclayer/pgfcorepathconst
ruct.code.tex
File: pgfcorepathconstruct.code.tex 2010/08/03  (rcs-revision 1.24)
\pgf@path@lastx=\dimen192
\pgf@path@lasty=\dimen193
)
(/usr/local/texlive/2012/texmf-dist/tex/generic/pgf/basiclayer/pgfcorepathusage
.code.tex
File: pgfcorepathusage.code.tex 2008/04/22  (rcs-revision 1.12)
\pgf@shorten@end@additional=\dimen194
\pgf@shorten@start@additional=\dimen195
)
(/usr/local/texlive/2012/texmf-dist/tex/generic/pgf/basiclayer/pgfcorescopes.co
de.tex
File: pgfcorescopes.code.tex 2010/09/08  (rcs-revision 1.34)
\pgfpic=\box70
\pgf@hbox=\box71
\pgf@layerbox@main=\box72
\pgf@picture@serial@count=\count168
)
(/usr/local/texlive/2012/texmf-dist/tex/generic/pgf/basiclayer/pgfcoregraphicst
ate.code.tex
File: pgfcoregraphicstate.code.tex 2008/04/22  (rcs-revision 1.9)
\pgflinewidth=\dimen196
)
(/usr/local/texlive/2012/texmf-dist/tex/generic/pgf/basiclayer/pgfcoretransform
ations.code.tex
File: pgfcoretransformations.code.tex 2009/06/10  (rcs-revision 1.11)
\pgf@pt@x=\dimen197
\pgf@pt@y=\dimen198
\pgf@pt@temp=\dimen199
)
(/usr/local/texlive/2012/texmf-dist/tex/generic/pgf/basiclayer/pgfcorequick.cod
e.tex
File: pgfcorequick.code.tex 2008/10/09  (rcs-revision 1.3)
)
(/usr/local/texlive/2012/texmf-dist/tex/generic/pgf/basiclayer/pgfcoreobjects.c
ode.tex
File: pgfcoreobjects.code.tex 2006/10/11  (rcs-revision 1.2)
)
(/usr/local/texlive/2012/texmf-dist/tex/generic/pgf/basiclayer/pgfcorepathproce
ssing.code.tex
File: pgfcorepathprocessing.code.tex 2008/10/09  (rcs-revision 1.8)
)
(/usr/local/texlive/2012/texmf-dist/tex/generic/pgf/basiclayer/pgfcorearrows.co
de.tex
File: pgfcorearrows.code.tex 2008/04/23  (rcs-revision 1.11)
)
(/usr/local/texlive/2012/texmf-dist/tex/generic/pgf/basiclayer/pgfcoreshade.cod
e.tex
File: pgfcoreshade.code.tex 2008/11/23  (rcs-revision 1.13)
\pgf@max=\dimen200
\pgf@sys@shading@range@num=\count169
)
(/usr/local/texlive/2012/texmf-dist/tex/generic/pgf/basiclayer/pgfcoreimage.cod
e.tex
File: pgfcoreimage.code.tex 2010/03/25  (rcs-revision 1.16)

(/usr/local/texlive/2012/texmf-dist/tex/generic/pgf/basiclayer/pgfcoreexternal.
code.tex
File: pgfcoreexternal.code.tex 2010/09/01  (rcs-revision 1.17)
\pgfexternal@startupbox=\box73
))
(/usr/local/texlive/2012/texmf-dist/tex/generic/pgf/basiclayer/pgfcorelayers.co
de.tex
File: pgfcorelayers.code.tex 2010/08/27  (rcs-revision 1.2)
)
(/usr/local/texlive/2012/texmf-dist/tex/generic/pgf/basiclayer/pgfcoretranspare
ncy.code.tex
File: pgfcoretransparency.code.tex 2008/01/17  (rcs-revision 1.2)
)
(/usr/local/texlive/2012/texmf-dist/tex/generic/pgf/basiclayer/pgfcorepatterns.
code.tex
File: pgfcorepatterns.code.tex 2009/07/02  (rcs-revision 1.3)
)))
(/usr/local/texlive/2012/texmf-dist/tex/generic/pgf/modules/pgfmoduleshapes.cod
e.tex
File: pgfmoduleshapes.code.tex 2010/09/09  (rcs-revision 1.13)
\pgfnodeparttextbox=\box74
)
(/usr/local/texlive/2012/texmf-dist/tex/generic/pgf/modules/pgfmoduleplot.code.
tex
File: pgfmoduleplot.code.tex 2010/10/22  (rcs-revision 1.8)
)
(/usr/local/texlive/2012/texmf-dist/tex/latex/pgf/compatibility/pgfcomp-version
-0-65.sty
Package: pgfcomp-version-0-65 2007/07/03 v2.10 (rcs-revision 1.7)
\pgf@nodesepstart=\dimen201
\pgf@nodesepend=\dimen202
)
(/usr/local/texlive/2012/texmf-dist/tex/latex/pgf/compatibility/pgfcomp-version
-1-18.sty
Package: pgfcomp-version-1-18 2007/07/23 v2.10 (rcs-revision 1.1)
)) (/usr/local/texlive/2012/texmf-dist/tex/latex/pgf/utilities/pgffor.sty (/usr
/local/texlive/2012/texmf-dist/tex/latex/pgf/utilities/pgfkeys.sty (/usr/local/
texlive/2012/texmf-dist/tex/generic/pgf/utilities/pgfkeys.code.tex)) (/usr/loca
l/texlive/2012/texmf-dist/tex/generic/pgf/utilities/pgffor.code.tex
Package: pgffor 2010/03/23 v2.10 (rcs-revision 1.18)
\pgffor@iter=\dimen203
\pgffor@skip=\dimen204
\pgffor@stack=\toks43
\pgffor@toks=\toks44
))
(/usr/local/texlive/2012/texmf-dist/tex/generic/pgf/frontendlayer/tikz/tikz.cod
e.tex
Package: tikz 2010/10/13 v2.10 (rcs-revision 1.76)

(/usr/local/texlive/2012/texmf-dist/tex/generic/pgf/libraries/pgflibraryplothan
dlers.code.tex
File: pgflibraryplothandlers.code.tex 2010/05/31 v2.10 (rcs-revision 1.15)
\pgf@plot@mark@count=\count170
\pgfplotmarksize=\dimen205
)
\tikz@lastx=\dimen206
\tikz@lasty=\dimen207
\tikz@lastxsaved=\dimen208
\tikz@lastysaved=\dimen209
\tikzleveldistance=\dimen210
\tikzsiblingdistance=\dimen211
\tikz@figbox=\box75
\tikz@tempbox=\box76
\tikztreelevel=\count171
\tikznumberofchildren=\count172
\tikznumberofcurrentchild=\count173
\tikz@fig@count=\count174

(/usr/local/texlive/2012/texmf-dist/tex/generic/pgf/modules/pgfmodulematrix.cod
e.tex
File: pgfmodulematrix.code.tex 2010/08/24  (rcs-revision 1.4)
\pgfmatrixcurrentrow=\count175
\pgfmatrixcurrentcolumn=\count176
\pgf@matrix@numberofcolumns=\count177
)
\tikz@expandcount=\count178

(/usr/local/texlive/2012/texmf-dist/tex/generic/pgf/frontendlayer/tikz/librarie
s/tikzlibrarytopaths.code.tex
File: tikzlibrarytopaths.code.tex 2008/06/17 v2.10 (rcs-revision 1.2)
)))) (./Fuel.pier.aux)
\openout1 = `Fuel.pier.aux'.

LaTeX Font Info:    Checking defaults for OML/cmm/m/it on input line 20.
LaTeX Font Info:    ... okay on input line 20.
LaTeX Font Info:    Checking defaults for T1/cmr/m/n on input line 20.
LaTeX Font Info:    ... okay on input line 20.
LaTeX Font Info:    Checking defaults for OT1/cmr/m/n on input line 20.
LaTeX Font Info:    ... okay on input line 20.
LaTeX Font Info:    Checking defaults for OMS/cmsy/m/n on input line 20.
LaTeX Font Info:    ... okay on input line 20.
LaTeX Font Info:    Checking defaults for OMX/cmex/m/n on input line 20.
LaTeX Font Info:    ... okay on input line 20.
LaTeX Font Info:    Checking defaults for U/cmr/m/n on input line 20.
LaTeX Font Info:    ... okay on input line 20.
LaTeX Font Info:    Checking defaults for TS1/cmr/m/n on input line 20.
LaTeX Font Info:    Try loading font information for TS1+cmr on input line 20.
(/usr/local/texlive/2012/texmf-dist/tex/latex/base/ts1cmr.fd
File: ts1cmr.fd 1999/05/25 v2.5h Standard LaTeX font definitions
)
LaTeX Font Info:    ... okay on input line 20.
LaTeX Font Info:    Checking defaults for PD1/pdf/m/n on input line 20.
LaTeX Font Info:    ... okay on input line 20.
LaTeX Font Info:    Try loading font information for T1+ppl on input line 20.
(/usr/local/texlive/2012/texmf-dist/tex/latex/psnfss/t1ppl.fd
File: t1ppl.fd 2001/06/04 font definitions for T1/ppl.
)
*geometry* driver: auto-detecting
*geometry* detected driver: pdftex
*geometry* verbose mode - [ preamble ] result:
* driver: pdftex
* paper: custom
* layout: <same size as paper>
* layoutoffset:(h,v)=(0.0pt,0.0pt)
* modes: twoside 
* h-part:(L,W,R)=(54.2025pt, 334.61044pt, 54.2025pt)
* v-part:(T,H,B)=(54.2025pt, 539.13469pt, 72.26999pt)
* \paperwidth=443.01544pt
* \paperheight=665.60718pt
* \textwidth=334.61044pt
* \textheight=539.13469pt
* \oddsidemargin=-18.06749pt
* \evensidemargin=-18.06749pt
* \topmargin=-48.13498pt
* \headheight=12.0pt
* \headsep=18.06749pt
* \topskip=10.0pt
* \footskip=25.29494pt
* \marginparwidth=115.0pt
* \marginparsep=7.0pt
* \columnsep=10.0pt
* \skip\footins=9.0pt plus 4.0pt minus 2.0pt
* \hoffset=0.0pt
* \voffset=0.0pt
* \mag=1000
* \@twocolumnfalse
* \@twosidetrue
* \@mparswitchtrue
* \@reversemarginfalse
* (1in=72.27pt=25.4mm, 1cm=28.453pt)

LaTeX Info: Redefining \microtypecontext on input line 20.
Package microtype Info: Generating PDF output.
Package microtype Info: Character protrusion enabled (level 2).
Package microtype Info: Using default protrusion set `alltext'.
Package microtype Info: No font expansion.
Package microtype Info: No adjustment of tracking.
Package microtype Info: No adjustment of interword spacing.
Package microtype Info: No adjustment of character kerning.
(/usr/local/texlive/2012/texmf-dist/tex/latex/microtype/mt-ppl.cfg
File: mt-ppl.cfg 2005/11/16 v1.6 microtype config. file: Palatino (RS)
) (/usr/local/texlive/2012/texmf-dist/tex/context/base/supp-pdf.mkii
[Loading MPS to PDF converter (version 2006.09.02).]
\scratchcounter=\count179
\scratchdimen=\dimen212
\scratchbox=\box77
\nofMPsegments=\count180
\nofMParguments=\count181
\everyMPshowfont=\toks45
\MPscratchCnt=\count182
\MPscratchDim=\dimen213
\MPnumerator=\count183
\makeMPintoPDFobject=\count184
\everyMPtoPDFconversion=\toks46
) (/usr/local/texlive/2012/texmf-dist/tex/latex/oberdiek/epstopdf-base.sty
Package: epstopdf-base 2010/02/09 v2.5 Base part for package epstopdf
(/usr/local/texlive/2012/texmf-dist/tex/latex/oberdiek/grfext.sty
Package: grfext 2010/08/19 v1.1 Manage graphics extensions (HO)
)
Package grfext Info: Graphics extension search list:
(grfext)             [.pdf,.jpg,.png,.eps]
(grfext)             \AppendGraphicsExtensions on input line 452.
(/usr/local/texlive/2012/texmf-dist/tex/latex/latexconfig/epstopdf-sys.cfg
File: epstopdf-sys.cfg 2010/07/13 v1.3 Configuration of (r)epstopdf for TeX Liv
e
))

Package jurabib Info: *** jurabib set up for babel ***

(/usr/local/texlive/2012/texmf-dist/tex/latex/jurabib/enjbbib.ldf
File: enjbbib.ldf jurabib English language definitions
)
LaTeX Info: Redefining \jbbtasep on input line 20.
LaTeX Info: Redefining \jbbfsasep on input line 20.
LaTeX Info: Redefining \jbbstasep on input line 20.
LaTeX Info: Redefining \bibbtasep on input line 20.
LaTeX Info: Redefining \bibbfsasep on input line 20.
LaTeX Info: Redefining \bibbstasep on input line 20.
LaTeX Info: Redefining \jbbtesep on input line 20.
LaTeX Info: Redefining \jbbfsesep on input line 20.
LaTeX Info: Redefining \jbbstesep on input line 20.
LaTeX Info: Redefining \bibbtesep on input line 20.
LaTeX Info: Redefining \bibbfsesep on input line 20.
LaTeX Info: Redefining \bibbstesep on input line 20.
LaTeX Info: Redefining \jbbtasep on input line 20.
LaTeX Info: Redefining \jbbfsasep on input line 20.
LaTeX Info: Redefining \jbbstasep on input line 20.
LaTeX Info: Redefining \bibbtasep on input line 20.
LaTeX Info: Redefining \bibbfsasep on input line 20.
LaTeX Info: Redefining \bibbstasep on input line 20.
LaTeX Info: Redefining \jbbtesep on input line 20.
LaTeX Info: Redefining \jbbfsesep on input line 20.
LaTeX Info: Redefining \jbbstesep on input line 20.
LaTeX Info: Redefining \bibbtesep on input line 20.
LaTeX Info: Redefining \bibbfsesep on input line 20.
LaTeX Info: Redefining \bibbstesep on input line 20.
LaTeX Info: Redefining \jbbtasep on input line 20.
LaTeX Info: Redefining \jbbfsasep on input line 20.
LaTeX Info: Redefining \jbbstasep on input line 20.
LaTeX Info: Redefining \bibbtasep on input line 20.
LaTeX Info: Redefining \bibbfsasep on input line 20.
LaTeX Info: Redefining \bibbstasep on input line 20.
LaTeX Info: Redefining \jbbtesep on input line 20.
LaTeX Info: Redefining \jbbfsesep on input line 20.
LaTeX Info: Redefining \jbbstesep on input line 20.
LaTeX Info: Redefining \bibbtesep on input line 20.
LaTeX Info: Redefining \bibbfsesep on input line 20.
LaTeX Info: Redefining \bibbstesep on input line 20.
LaTeX Info: Redefining \jbbtasep on input line 20.
LaTeX Info: Redefining \jbbfsasep on input line 20.
LaTeX Info: Redefining \jbbstasep on input line 20.
LaTeX Info: Redefining \bibbtasep on input line 20.
LaTeX Info: Redefining \bibbfsasep on input line 20.
LaTeX Info: Redefining \bibbstasep on input line 20.
LaTeX Info: Redefining \jbbtesep on input line 20.
LaTeX Info: Redefining \jbbfsesep on input line 20.
LaTeX Info: Redefining \jbbstesep on input line 20.
LaTeX Info: Redefining \bibbtesep on input line 20.
LaTeX Info: Redefining \bibbfsesep on input line 20.
LaTeX Info: Redefining \bibbstesep on input line 20.
\AtBeginShipoutBox=\box78
Package hyperref Info: Link coloring ON on input line 20.
(/usr/local/texlive/2012/texmf-dist/tex/latex/hyperref/nameref.sty
Package: nameref 2012/10/27 v2.43 Cross-referencing by name of section
(/usr/local/texlive/2012/texmf-dist/tex/generic/oberdiek/gettitlestring.sty
Package: gettitlestring 2010/12/03 v1.4 Cleanup title references (HO)
)
\c@section@level=\count185
LaTeX Info: Redefining \Ref on input line 513.
)
LaTeX Info: Redefining \ref on input line 20.
LaTeX Info: Redefining \pageref on input line 20.
LaTeX Info: Redefining \nameref on input line 20.
(./Fuel.pier.out) (./Fuel.pier.out
pdfTeX warning (Object streams): \pdfobjcompresslevel > 0 requires \pdfminorver
sion > 4. Object streams disabled now.
)
\@outlinefile=\write5
\openout5 = `Fuel.pier.out'.

LaTeX Info: Redefining \Ref on input line 20.
\c@lstlisting=\count186
ABD: EveryShipout initializing macros
Chapter 1.
LaTeX Font Info:    Font shape `T1/ppl/bx/n' in size <24.88> not available
(Font)              Font shape `T1/ppl/b/n' tried instead on input line 23.
LaTeX Font Info:    Font shape `T1/ppl/bx/n' in size <14.4> not available
(Font)              Font shape `T1/ppl/b/n' tried instead on input line 27.
LaTeX Font Info:    Font shape `T1/ppl/bx/n' in size <12> not available
(Font)              Font shape `T1/ppl/b/n' tried instead on input line 29.
LaTeX Font Info:    Font shape `T1/ppl/bx/n' in size <10> not available
(Font)              Font shape `T1/ppl/b/n' tried instead on input line 32.
[1{/usr/local/texlive/2012/texmf-var/fonts/map/pdftex/updmap/pdftex.map}



]
LaTeX Font Info:    Try loading font information for TS1+ppl on input line 54.
(/usr/local/texlive/2012/texmf-dist/tex/latex/psnfss/ts1ppl.fd
File: ts1ppl.fd 2001/06/04 font definitions for TS1/ppl.
) (/usr/local/texlive/2012/texmf-dist/tex/latex/microtype/mt-cmr.cfg
File: mt-cmr.cfg 2011/04/09 v2.1 microtype config. file: Computer Modern Roman 
(RS)
) (/usr/local/texlive/2012/texmf-dist/tex/latex/microtype/mt-msa.cfg
File: mt-msa.cfg 2006/02/04 v1.1 microtype config. file: AMS symbols (a) (RS)
) (/usr/local/texlive/2012/texmf-dist/tex/latex/microtype/mt-msb.cfg
File: mt-msb.cfg 2005/06/01 v1.0 microtype config. file: AMS symbols (b) (RS)
) [2]
LaTeX Font Info:    Try loading font information for T1+phv on input line 101.
(/usr/local/texlive/2012/texmf-dist/tex/latex/psnfss/t1phv.fd
File: t1phv.fd 2001/06/04 scalable font definitions for T1/phv.
)
LaTeX Font Info:    Font shape `T1/phv/m/n' will be
(Font)              scaled to size 8.50006pt on input line 101.
Package microtype Info: Loading generic settings for font family
(microtype)             `phv' (encoding: T1).
(microtype)             For optimal results, create family-specific settings.
(microtype)             See the microtype manual for details.
LaTeX Font Info:    Try loading font information for TS1+phv on input line 103.

(/usr/local/texlive/2012/texmf-dist/tex/latex/psnfss/ts1phv.fd
File: ts1phv.fd 2001/06/04 scalable font definitions for TS1/phv.
)
LaTeX Font Info:    Font shape `TS1/phv/m/n' will be
(Font)              scaled to size 8.50006pt on input line 103.
Package microtype Info: Loading generic settings for font family
(microtype)             `phv' (encoding: TS1).
(microtype)             For optimal results, create family-specific settings.
(microtype)             See the microtype manual for details.
[3] [4] [5] [6] [7] [8] [9] [10] [11] [12] [13]
LaTeX Font Info:    Try loading font information for T1+pcr on input line 621.
(/usr/local/texlive/2012/texmf-dist/tex/latex/psnfss/t1pcr.fd
File: t1pcr.fd 2001/06/04 font definitions for T1/pcr.
)
Package microtype Info: Loading generic settings for font family
(microtype)             `pcr' (encoding: T1).
(microtype)             For optimal results, create family-specific settings.
(microtype)             See the microtype manual for details.
[14] [15] [16] [17] [18]
No file Fuel.pier.bbl.
Package atveryend Info: Empty hook `BeforeClearDocument' on input line 894.
[19]
Package atveryend Info: Empty hook `AfterLastShipout' on input line 894.
(./Fuel.pier.aux)
Package atveryend Info: Executing hook `AtVeryEndDocument' on input line 894.
Package atveryend Info: Executing hook `AtEndAfterFileList' on input line 894.
Package rerunfilecheck Info: File `Fuel.pier.out' has not changed.
(rerunfilecheck)             Checksum: 2F983D52509179F9019711A2E8A9BDFE;660.
Package atveryend Info: Empty hook `AtVeryVeryEnd' on input line 894.
 )
(\end occurred when \ifx on line 891 was incomplete) 
Here is how much of TeX's memory you used:
 22267 strings out of 493481
 377934 string characters out of 3140966
 576009 words of memory out of 3000000
 24723 multiletter control sequences out of 15000+200000
 37214 words of font info for 59 fonts, out of 3000000 for 9000
 957 hyphenation exceptions out of 8191
 58i,6n,55p,469b,1721s stack positions out of 5000i,500n,10000p,200000b,50000s
{/usr/local/texlive/2012/te
xmf-dist/fonts/enc/dvips/base/8r.enc}{/usr/local/texlive/2012/texmf-dist/fonts/
enc/dvips/lm/lm-mathsy.enc}{/usr/local/texlive/2012/texmf-dist/fonts/enc/dvips/
lm/lm-mathit.enc}</usr/local/texlive/2012/texmf-dist/fonts/type1/public/lm/lmmi
10.pfb></usr/local/texlive/2012/texmf-dist/fonts/type1/public/lm/lmsy10.pfb></u
sr/local/texlive/2012/texmf-dist/fonts/type1/urw/courier/ucrr8a.pfb></usr/local
/texlive/2012/texmf-dist/fonts/type1/urw/helvetic/uhvr8a.pfb></usr/local/texliv
e/2012/texmf-dist/fonts/type1/urw/palatino/uplb8a.pfb></usr/local/texlive/2012/
texmf-dist/fonts/type1/urw/palatino/uplr8a.pfb></usr/local/texlive/2012/texmf-d
ist/fonts/type1/urw/palatino/uplr8a.pfb>
Output written on Fuel.pier.pdf (19 pages, 171460 bytes).
PDF statistics:
 576 PDF objects out of 1000 (max. 8388607)
 363 named destinations out of 1000 (max. 500000)
 9829 words of extra memory for PDF output out of 10000 (max. 10000000)

